<?xml version="1.0" encoding="UTF-8"?>
<testng-results ignored="0" total="2" passed="2" failed="0" skipped="0">
  <reporter-output>
  </reporter-output>
  <suite started-at="2021-12-14T14:35:04 MSK" name="Surefire suite" finished-at="2021-12-14T14:35:40 MSK" duration-ms="36352">
    <groups>
    </groups>
    <test started-at="2021-12-14T14:35:04 MSK" name="Surefire test" finished-at="2021-12-14T14:35:40 MSK" duration-ms="36352">
      <class name="test.OpenFXTest">
        <test-method is-config="true" signature="browserSetup()[pri:0, instance:test.OpenFXTest@2145433b]" started-at="2021-12-14T14:35:04 MSK" name="browserSetup" finished-at="2021-12-14T14:35:18 MSK" duration-ms="13961" status="PASS">
          <reporter-output>
          </reporter-output>
        </test-method> <!-- browserSetup -->
        <test-method signature="switchSkypeInAccount()[pri:0, instance:test.OpenFXTest@2145433b]" started-at="2021-12-14T14:35:18 MSK" name="switchSkypeInAccount" finished-at="2021-12-14T14:35:19 MSK" duration-ms="1664" status="PASS">
          <reporter-output>
          </reporter-output>
        </test-method> <!-- switchSkypeInAccount -->
        <test-method is-config="true" signature="browserShutDown()[pri:0, instance:test.OpenFXTest@2145433b]" started-at="2021-12-14T14:35:19 MSK" name="browserShutDown" finished-at="2021-12-14T14:35:20 MSK" duration-ms="991" status="PASS">
          <reporter-output>
          </reporter-output>
        </test-method> <!-- browserShutDown -->
        <test-method is-config="true" signature="browserSetup()[pri:0, instance:test.OpenFXTest@2145433b]" started-at="2021-12-14T14:35:20 MSK" name="browserSetup" finished-at="2021-12-14T14:35:34 MSK" duration-ms="13505" status="PASS">
          <reporter-output>
          </reporter-output>
        </test-method> <!-- browserSetup -->
        <test-method signature="topUpDemoBalance()[pri:0, instance:test.OpenFXTest@2145433b]" started-at="2021-12-14T14:35:34 MSK" name="topUpDemoBalance" finished-at="2021-12-14T14:35:39 MSK" duration-ms="5191" status="PASS">
          <reporter-output>
          </reporter-output>
        </test-method> <!-- topUpDemoBalance -->
        <test-method is-config="true" signature="browserShutDown()[pri:0, instance:test.OpenFXTest@2145433b]" started-at="2021-12-14T14:35:39 MSK" name="browserShutDown" finished-at="2021-12-14T14:35:40 MSK" duration-ms="989" status="PASS">
          <reporter-output>
          </reporter-output>
        </test-method> <!-- browserShutDown -->
      </class> <!-- test.OpenFXTest -->
    </test> <!-- Surefire test -->
  </suite> <!-- Surefire suite -->
</testng-results>
