<?xml version="1.0" encoding="UTF-8"?>
<testsuite xmlns:xsi="http://www.w3.org/2001/XMLSchema-instance" xsi:noNamespaceSchemaLocation="https://maven.apache.org/surefire/maven-surefire-plugin/xsd/surefire-test-report-3.0.xsd" version="3.0" name="test.OpenFXTest" time="13.963" tests="1" errors="0" skipped="0" failures="0">
  <properties>
[...]
</properties>
  <testcase name="TopUpDemoBalance" classname="test.OpenFXTest" time="3.511">
    <system-err><![CDATA[1639436991898	geckodriver	INFO	Listening on 127.0.0.1:57973
1639436992202	mozrunner::runner	INFO	Running command: "C:\\Program Files\\Mozilla Firefox\\firefox.exe" "--marionette" "start-maximized" "--remote-debugging-port" "53999" "-no-remote" "-profile" "C:\\Temp\\rust_mozprofileYEO3Se"
1639436992503	Marionette	INFO	Marionette enabled
console.warn: SearchSettings: "get: No settings file exists, new profile?" (new NotFoundError("Could not open the file at C:\\Temp\\rust_mozprofileYEO3Se\\search.json.mozlz4", (void 0)))
DevTools listening on ws://localhost:53999/devtools/browser/e6017449-99d9-43df-8170-3f33b1e81cae
1639436994496	Marionette	INFO	Listening on port 63465
1639436994930	RemoteAgent	WARN	TLS certificate errors will be ignored for this session
дек. 14, 2021 2:09:55 AM org.openqa.selenium.remote.ProtocolHandshake createSession
INFO: Detected dialect: W3C
JavaScript error: https://crm.openfx.by/bitrix/js/crm/form_loader.js?1639436995759, line 22: TypeError: link is undefined
JavaScript error: https://crm.openfx.by/bitrix/js/crm/form_loader.js?1639436995759, line 22: TypeError: link is undefined
JavaScript error: https://crm.openfx.by/bitrix/js/crm/form_loader.js?1634811939806, line 230: Error: Could not load form: node not found.
JavaScript error: https://crm.openfx.by/bitrix/js/crm/form_loader.js?1639436995759, line 220: InternalError: too much recursion
JavaScript warning: https://mc.yandex.ru/metrika/tag.js, line 10: WEBGL_debug_renderer_info is deprecated in Firefox and will be removed. Please use RENDERER.
JavaScript warning: https://mc.yandex.ru/metrika/tag.js, line 10: WEBGL_debug_renderer_info is deprecated in Firefox and will be removed. Please use RENDERER.
]]></system-err>
  </testcase>
</testsuite>