<?xml version="1.0" encoding="UTF-8"?>
<testng-results ignored="0" total="1" passed="1" failed="0" skipped="0">
  <reporter-output>
  </reporter-output>
  <suite started-at="2021-12-14T02:09:51 MSK" name="Surefire suite" finished-at="2021-12-14T02:10:04 MSK" duration-ms="13576">
    <groups>
    </groups>
    <test started-at="2021-12-14T02:09:51 MSK" name="Surefire test" finished-at="2021-12-14T02:10:04 MSK" duration-ms="13576">
      <class name="test.OpenFXTest">
        <test-method is-config="true" signature="browserSetup()[pri:0, instance:test.OpenFXTest@55a1c291]" started-at="2021-12-14T02:09:51 MSK" name="browserSetup" finished-at="2021-12-14T02:10:00 MSK" duration-ms="9302" status="PASS">
          <reporter-output>
          </reporter-output>
        </test-method> <!-- browserSetup -->
        <test-method signature="TopUpDemoBalance()[pri:0, instance:test.OpenFXTest@55a1c291]" started-at="2021-12-14T02:10:00 MSK" name="TopUpDemoBalance" finished-at="2021-12-14T02:10:04 MSK" duration-ms="3533" status="PASS">
          <reporter-output>
          </reporter-output>
        </test-method> <!-- TopUpDemoBalance -->
        <test-method is-config="true" signature="browserShutDown()[pri:0, instance:test.OpenFXTest@55a1c291]" started-at="2021-12-14T02:10:04 MSK" name="browserShutDown" finished-at="2021-12-14T02:10:04 MSK" duration-ms="708" status="PASS">
          <reporter-output>
          </reporter-output>
        </test-method> <!-- browserShutDown -->
      </class> <!-- test.OpenFXTest -->
    </test> <!-- Surefire test -->
  </suite> <!-- Surefire suite -->
</testng-results>
