<?xml version="1.0" encoding="UTF-8"?>
<testsuite xmlns:xsi="http://www.w3.org/2001/XMLSchema-instance" xsi:noNamespaceSchemaLocation="https://maven.apache.org/surefire/maven-surefire-plugin/xsd/surefire-test-report-3.0.xsd" version="3.0" name="test.OpenFXTest" time="36.959" tests="2" errors="0" skipped="0" failures="0">
  <properties>
[...]
</properties>
  <testcase name="switchSkypeInAccount" classname="test.OpenFXTest" time="1.641">
    <system-err><![CDATA[1639481705165	geckodriver	INFO	Listening on 127.0.0.1:59420
1639481705618	mozrunner::runner	INFO	Running command: "C:\\Program Files\\Mozilla Firefox\\firefox.exe" "--marionette" "start-maximized" "--remote-debugging-port" "54121" "-no-remote" "-profile" "C:\\Temp\\rust_mozprofilegya9tb"
1639481706102	Marionette	INFO	Marionette enabled
console.warn: SearchSettings: "get: No settings file exists, new profile?" (new NotFoundError("Could not open the file at C:\\Temp\\rust_mozprofilegya9tb\\search.json.mozlz4", (void 0)))
DevTools listening on ws://localhost:54121/devtools/browser/579c8b6c-19ba-4893-af89-2ea399957f69
1639481709030	Marionette	INFO	Listening on port 56304
1639481709467	RemoteAgent	WARN	TLS certificate errors will be ignored for this session
дек. 14, 2021 2:35:12 PM org.openqa.selenium.remote.ProtocolHandshake createSession
INFO: Detected dialect: W3C
JavaScript error: https://crm.openfx.by/bitrix/js/crm/form_loader.js?1639481713571, line 22: TypeError: link is undefined
JavaScript error: https://crm.openfx.by/bitrix/js/crm/form_loader.js?1639481713571, line 22: TypeError: link is undefined
JavaScript error: https://crm.openfx.by/bitrix/js/crm/form_loader.js?1634811939806, line 230: Error: Could not load form: node not found.
JavaScript error: https://crm.openfx.by/bitrix/js/crm/form_loader.js?1639481713571, line 220: InternalError: too much recursion
JavaScript warning: https://mc.yandex.ru/metrika/tag.js, line 10: WEBGL_debug_renderer_info is deprecated in Firefox and will be removed. Please use RENDERER.
]]></system-err>
  </testcase>
  <testcase name="topUpDemoBalance" classname="test.OpenFXTest" time="5.16">
    <system-err><![CDATA[1639481719829	Marionette	INFO	Stopped listening on port 56304

###!!! [Parent][RunMessage] Error: Channel closing: too late to send/recv, messages will be lost

1639481720867	geckodriver	INFO	Listening on 127.0.0.1:60653
1639481720914	mozrunner::runner	INFO	Running command: "C:\\Program Files\\Mozilla Firefox\\firefox.exe" "--marionette" "start-maximized" "--remote-debugging-port" "61564" "-no-remote" "-profile" "C:\\Temp\\rust_mozprofileeAD8QY"
1639481721369	Marionette	INFO	Marionette enabled
console.warn: SearchSettings: "get: No settings file exists, new profile?" (new NotFoundError("Could not open the file at C:\\Temp\\rust_mozprofileeAD8QY\\search.json.mozlz4", (void 0)))
DevTools listening on ws://localhost:61564/devtools/browser/d4b0fe9d-02c9-45d0-a5d6-ef9b6f8f35d5
1639481724308	Marionette	INFO	Listening on port 56507
1639481724740	RemoteAgent	WARN	TLS certificate errors will be ignored for this session
дек. 14, 2021 2:35:28 PM org.openqa.selenium.remote.ProtocolHandshake createSession
INFO: Detected dialect: W3C
JavaScript error: https://openfx.by/#01, line 136: TypeError: b24form is not a function
JavaScript error: https://openfx.by/build.u648wxv1rxmjvzlzk7iqq0ryi1ny6jmh.js, line 1: TypeError: b24form is not a function
JavaScript error: https://openfx.by/app/assets/libs/book-it.js, line 8: TypeError: b24form is not a function
JavaScript warning: https://mc.yandex.ru/metrika/tag.js, line 10: WEBGL_debug_renderer_info is deprecated in Firefox and will be removed. Please use RENDERER.
JavaScript warning: https://mc.yandex.ru/metrika/tag.js, line 10: WEBGL_debug_renderer_info is deprecated in Firefox and will be removed. Please use RENDERER.
]]></system-err>
  </testcase>
</testsuite>